Ping response: 200
📁 Загружаем данные из data/telegram_threads/nomads_threads.json
📊 Найдено 69719 тредов в группе 'Чат Digital Nomad Spain 🇪🇸'
✅ Индекс telegram_threads уже существует
✅ Успешно проиндексировано 100 документов
📤 Индексировано 100 тредов (всего: 100/69719)
✅ Успешно проиндексировано 100 документов
📤 Индексировано 100 тредов (всего: 200/69719)
✅ Успешно проиндексировано 100 документов
📤 Индексировано 100 тредов (всего: 300/69719)
✅ Успешно проиндексировано 100 документов
📤 Индексировано 100 тредов (всего: 400/69719)
✅ Успешно проиндексировано 100 документов
📤 Индексировано 100 тредов (всего: 500/69719)
✅ Успешно проиндексировано 100 документов
📤 Индексировано 100 тредов (всего: 600/69719)
✅ Успешно проиндексировано 100 документов
📤 Индексировано 100 тредов (всего: 700/69719)
✅ Успешно проиндексировано 100 документов
📤 Индексировано 100 тредов (всего: 800/69719)
✅ Успешно проиндексировано 100 документов
📤 Индексировано 100 тредов (всего: 900/69719)
✅ Успешно проиндексировано 100 документов
📤 Индексировано 100 тредов (всего: 1000/69719)
✅ Успешно проиндексировано 100 документов
📤 Индексировано 100 тредов (всего: 1100/69719)
✅ Успешно проиндексировано 100 документов
📤 Индексировано 100 тредов (всего: 1200/69719)
✅ Успешно проиндексировано 100 документов
📤 Индексировано 100 тредов (всего: 1300/69719)
✅ Успешно проиндексировано 100 документов
📤 Индексировано 100 тредов (всего: 1400/69719)
✅ Успешно проиндексировано 100 документов
📤 Индексировано 100 тредов (всего: 1500/69719)
✅ Успешно проиндексировано 100 документов
📤 Индексировано 100 тредов (всего: 1600/69719)
✅ Успешно проиндексировано 100 документов
📤 Индексировано 100 тредов (всего: 1700/69719)
❌ Ошибка bulk индексации: HTTPSConnectionPool(host='36d0e937f1fd4309a2cb624f5f11bed1.us-central1.gcp.cloud.es.io', port=443): Max retries exceeded with url: /_bulk (Caused by ConnectTimeoutError(<urllib3.connection.HTTPSConnection object at 0x109fc9810>, 'Connection to 36d0e937f1fd4309a2cb624f5f11bed1.us-central1.gcp.cloud.es.io timed out. (connect timeout=60)'))
📤 Индексировано 100 тредов (всего: 1800/69719)
✅ Успешно проиндексировано 100 документов
📤 Индексировано 100 тредов (всего: 1900/69719)
✅ Успешно проиндексировано 100 документов
📤 Индексировано 100 тредов (всего: 2000/69719)
✅ Успешно проиндексировано 100 документов
📤 Индексировано 100 тредов (всего: 2100/69719)
✅ Успешно проиндексировано 100 документов
📤 Индексировано 100 тредов (всего: 2200/69719)
✅ Успешно проиндексировано 100 документов
📤 Индексировано 100 тредов (всего: 2300/69719)
✅ Успешно проиндексировано 100 документов
📤 Индексировано 100 тредов (всего: 2400/69719)
✅ Успешно проиндексировано 100 документов
📤 Индексировано 100 тредов (всего: 2500/69719)
✅ Успешно проиндексировано 100 документов
📤 Индексировано 100 тредов (всего: 2600/69719)
✅ Успешно проиндексировано 100 документов
📤 Индексировано 100 тредов (всего: 2700/69719)
✅ Успешно проиндексировано 100 документов
📤 Индексировано 100 тредов (всего: 2800/69719)
✅ Успешно проиндексировано 100 документов
📤 Индексировано 100 тредов (всего: 2900/69719)
✅ Успешно проиндексировано 100 документов
📤 Индексировано 100 тредов (всего: 3000/69719)
✅ Успешно проиндексировано 100 документов
📤 Индексировано 100 тредов (всего: 3100/69719)
✅ Успешно проиндексировано 100 документов
📤 Индексировано 100 тредов (всего: 3200/69719)
✅ Успешно проиндексировано 100 документов
📤 Индексировано 100 тредов (всего: 3300/69719)
✅ Успешно проиндексировано 100 документов
📤 Индексировано 100 тредов (всего: 3400/69719)
✅ Успешно проиндексировано 100 документов
📤 Индексировано 100 тредов (всего: 3500/69719)
✅ Успешно проиндексировано 100 документов
📤 Индексировано 100 тредов (всего: 3600/69719)
✅ Успешно проиндексировано 100 документов
📤 Индексировано 100 тредов (всего: 3700/69719)
✅ Успешно проиндексировано 100 документов
📤 Индексировано 100 тредов (всего: 3800/69719)
✅ Успешно проиндексировано 100 документов
📤 Индексировано 100 тредов (всего: 3900/69719)
✅ Успешно проиндексировано 100 документов
📤 Индексировано 100 тредов (всего: 4000/69719)
✅ Успешно проиндексировано 100 документов
📤 Индексировано 100 тредов (всего: 4100/69719)
✅ Успешно проиндексировано 100 документов
📤 Индексировано 100 тредов (всего: 4200/69719)
✅ Успешно проиндексировано 100 документов
📤 Индексировано 100 тредов (всего: 4300/69719)
✅ Успешно проиндексировано 100 документов
📤 Индексировано 100 тредов (всего: 4400/69719)
✅ Успешно проиндексировано 100 документов
📤 Индексировано 100 тредов (всего: 4500/69719)
✅ Успешно проиндексировано 100 документов
📤 Индексировано 100 тредов (всего: 4600/69719)
✅ Успешно проиндексировано 100 документов
📤 Индексировано 100 тредов (всего: 4700/69719)
✅ Успешно проиндексировано 100 документов
📤 Индексировано 100 тредов (всего: 4800/69719)
✅ Успешно проиндексировано 100 документов
📤 Индексировано 100 тредов (всего: 4900/69719)
✅ Успешно проиндексировано 100 документов
📤 Индексировано 100 тредов (всего: 5000/69719)
✅ Успешно проиндексировано 100 документов
📤 Индексировано 100 тредов (всего: 5100/69719)
✅ Успешно проиндексировано 100 документов
📤 Индексировано 100 тредов (всего: 5200/69719)
✅ Успешно проиндексировано 100 документов
📤 Индексировано 100 тредов (всего: 5300/69719)
✅ Успешно проиндексировано 100 документов
📤 Индексировано 100 тредов (всего: 5400/69719)
✅ Успешно проиндексировано 100 документов
📤 Индексировано 100 тредов (всего: 5500/69719)
✅ Успешно проиндексировано 100 документов
📤 Индексировано 100 тредов (всего: 5600/69719)
✅ Успешно проиндексировано 100 документов
📤 Индексировано 100 тредов (всего: 5700/69719)
✅ Успешно проиндексировано 100 документов
📤 Индексировано 100 тредов (всего: 5800/69719)
✅ Успешно проиндексировано 100 документов
📤 Индексировано 100 тредов (всего: 5900/69719)
✅ Успешно проиндексировано 100 документов
📤 Индексировано 100 тредов (всего: 6000/69719)
✅ Успешно проиндексировано 100 документов
📤 Индексировано 100 тредов (всего: 6100/69719)
✅ Успешно проиндексировано 100 документов
📤 Индексировано 100 тредов (всего: 6200/69719)
✅ Успешно проиндексировано 100 документов
📤 Индексировано 100 тредов (всего: 6300/69719)
✅ Успешно проиндексировано 100 документов
📤 Индексировано 100 тредов (всего: 6400/69719)
✅ Успешно проиндексировано 100 документов
📤 Индексировано 100 тредов (всего: 6500/69719)
✅ Успешно проиндексировано 100 документов
📤 Индексировано 100 тредов (всего: 6600/69719)
✅ Успешно проиндексировано 100 документов
📤 Индексировано 100 тредов (всего: 6700/69719)
✅ Успешно проиндексировано 100 документов
📤 Индексировано 100 тредов (всего: 6800/69719)
✅ Успешно проиндексировано 100 документов
📤 Индексировано 100 тредов (всего: 6900/69719)
✅ Успешно проиндексировано 100 документов
📤 Индексировано 100 тредов (всего: 7000/69719)
✅ Успешно проиндексировано 100 документов
📤 Индексировано 100 тредов (всего: 7100/69719)
✅ Успешно проиндексировано 100 документов
📤 Индексировано 100 тредов (всего: 7200/69719)
✅ Успешно проиндексировано 100 документов
📤 Индексировано 100 тредов (всего: 7300/69719)
✅ Успешно проиндексировано 100 документов
📤 Индексировано 100 тредов (всего: 7400/69719)
✅ Успешно проиндексировано 100 документов
📤 Индексировано 100 тредов (всего: 7500/69719)
✅ Успешно проиндексировано 100 документов
📤 Индексировано 100 тредов (всего: 7600/69719)
✅ Успешно проиндексировано 100 документов
📤 Индексировано 100 тредов (всего: 7700/69719)
✅ Успешно проиндексировано 100 документов
📤 Индексировано 100 тредов (всего: 7800/69719)
✅ Успешно проиндексировано 100 документов
📤 Индексировано 100 тредов (всего: 7900/69719)
✅ Успешно проиндексировано 100 документов
📤 Индексировано 100 тредов (всего: 8000/69719)
✅ Успешно проиндексировано 100 документов
📤 Индексировано 100 тредов (всего: 8100/69719)
✅ Успешно проиндексировано 100 документов
📤 Индексировано 100 тредов (всего: 8200/69719)
✅ Успешно проиндексировано 100 документов
📤 Индексировано 100 тредов (всего: 8300/69719)
✅ Успешно проиндексировано 100 документов
📤 Индексировано 100 тредов (всего: 8400/69719)
✅ Успешно проиндексировано 100 документов
📤 Индексировано 100 тредов (всего: 8500/69719)
✅ Успешно проиндексировано 100 документов
📤 Индексировано 100 тредов (всего: 8600/69719)
✅ Успешно проиндексировано 100 документов
📤 Индексировано 100 тредов (всего: 8700/69719)
✅ Успешно проиндексировано 100 документов
📤 Индексировано 100 тредов (всего: 8800/69719)
✅ Успешно проиндексировано 100 документов
📤 Индексировано 100 тредов (всего: 8900/69719)
✅ Успешно проиндексировано 100 документов
📤 Индексировано 100 тредов (всего: 9000/69719)
✅ Успешно проиндексировано 100 документов
📤 Индексировано 100 тредов (всего: 9100/69719)
✅ Успешно проиндексировано 100 документов
📤 Индексировано 100 тредов (всего: 9200/69719)
✅ Успешно проиндексировано 100 документов
📤 Индексировано 100 тредов (всего: 9300/69719)
✅ Успешно проиндексировано 100 документов
📤 Индексировано 100 тредов (всего: 9400/69719)
✅ Успешно проиндексировано 100 документов
📤 Индексировано 100 тредов (всего: 9500/69719)
✅ Успешно проиндексировано 100 документов
📤 Индексировано 100 тредов (всего: 9600/69719)
✅ Успешно проиндексировано 100 документов
📤 Индексировано 100 тредов (всего: 9700/69719)
✅ Успешно проиндексировано 100 документов
📤 Индексировано 100 тредов (всего: 9800/69719)
✅ Успешно проиндексировано 100 документов
📤 Индексировано 100 тредов (всего: 9900/69719)
✅ Успешно проиндексировано 100 документов
📤 Индексировано 100 тредов (всего: 10000/69719)
✅ Успешно проиндексировано 100 документов
📤 Индексировано 100 тредов (всего: 10100/69719)
✅ Успешно проиндексировано 100 документов
📤 Индексировано 100 тредов (всего: 10200/69719)
✅ Успешно проиндексировано 100 документов
📤 Индексировано 100 тредов (всего: 10300/69719)
✅ Успешно проиндексировано 100 документов
📤 Индексировано 100 тредов (всего: 10400/69719)
✅ Успешно проиндексировано 100 документов
📤 Индексировано 100 тредов (всего: 10500/69719)
✅ Успешно проиндексировано 100 документов
📤 Индексировано 100 тредов (всего: 10600/69719)
✅ Успешно проиндексировано 100 документов
📤 Индексировано 100 тредов (всего: 10700/69719)
✅ Успешно проиндексировано 100 документов
📤 Индексировано 100 тредов (всего: 10800/69719)
✅ Успешно проиндексировано 100 документов
📤 Индексировано 100 тредов (всего: 10900/69719)
✅ Успешно проиндексировано 100 документов
📤 Индексировано 100 тредов (всего: 11000/69719)
✅ Успешно проиндексировано 100 документов
📤 Индексировано 100 тредов (всего: 11100/69719)
✅ Успешно проиндексировано 100 документов
📤 Индексировано 100 тредов (всего: 11200/69719)
✅ Успешно проиндексировано 100 документов
📤 Индексировано 100 тредов (всего: 11300/69719)
✅ Успешно проиндексировано 100 документов
📤 Индексировано 100 тредов (всего: 11400/69719)
✅ Успешно проиндексировано 100 документов
📤 Индексировано 100 тредов (всего: 11500/69719)
✅ Успешно проиндексировано 100 документов
📤 Индексировано 100 тредов (всего: 11600/69719)
✅ Успешно проиндексировано 100 документов
📤 Индексировано 100 тредов (всего: 11700/69719)
✅ Успешно проиндексировано 100 документов
📤 Индексировано 100 тредов (всего: 11800/69719)
✅ Успешно проиндексировано 100 документов
📤 Индексировано 100 тредов (всего: 11900/69719)
✅ Успешно проиндексировано 100 документов
📤 Индексировано 100 тредов (всего: 12000/69719)
✅ Успешно проиндексировано 100 документов
📤 Индексировано 100 тредов (всего: 12100/69719)
✅ Успешно проиндексировано 100 документов
📤 Индексировано 100 тредов (всего: 12200/69719)
✅ Успешно проиндексировано 100 документов
📤 Индексировано 100 тредов (всего: 12300/69719)
✅ Успешно проиндексировано 100 документов
📤 Индексировано 100 тредов (всего: 12400/69719)
✅ Успешно проиндексировано 100 документов
📤 Индексировано 100 тредов (всего: 12500/69719)
✅ Успешно проиндексировано 100 документов
📤 Индексировано 100 тредов (всего: 12600/69719)
✅ Успешно проиндексировано 100 документов
📤 Индексировано 100 тредов (всего: 12700/69719)
✅ Успешно проиндексировано 100 документов
📤 Индексировано 100 тредов (всего: 12800/69719)
✅ Успешно проиндексировано 100 документов
📤 Индексировано 100 тредов (всего: 12900/69719)
✅ Успешно проиндексировано 100 документов
📤 Индексировано 100 тредов (всего: 13000/69719)
✅ Успешно проиндексировано 100 документов
📤 Индексировано 100 тредов (всего: 13100/69719)
✅ Успешно проиндексировано 100 документов
📤 Индексировано 100 тредов (всего: 13200/69719)
✅ Успешно проиндексировано 100 документов
📤 Индексировано 100 тредов (всего: 13300/69719)
✅ Успешно проиндексировано 100 документов
📤 Индексировано 100 тредов (всего: 13400/69719)
✅ Успешно проиндексировано 100 документов
📤 Индексировано 100 тредов (всего: 13500/69719)
✅ Успешно проиндексировано 100 документов
📤 Индексировано 100 тредов (всего: 13600/69719)
✅ Успешно проиндексировано 100 документов
📤 Индексировано 100 тредов (всего: 13700/69719)
✅ Успешно проиндексировано 100 документов
📤 Индексировано 100 тредов (всего: 13800/69719)
✅ Успешно проиндексировано 100 документов
📤 Индексировано 100 тредов (всего: 13900/69719)
✅ Успешно проиндексировано 100 документов
📤 Индексировано 100 тредов (всего: 14000/69719)
✅ Успешно проиндексировано 100 документов
📤 Индексировано 100 тредов (всего: 14100/69719)
✅ Успешно проиндексировано 100 документов
📤 Индексировано 100 тредов (всего: 14200/69719)
✅ Успешно проиндексировано 100 документов
📤 Индексировано 100 тредов (всего: 14300/69719)
✅ Успешно проиндексировано 100 документов
📤 Индексировано 100 тредов (всего: 14400/69719)
✅ Успешно проиндексировано 100 документов
📤 Индексировано 100 тредов (всего: 14500/69719)
✅ Успешно проиндексировано 100 документов
📤 Индексировано 100 тредов (всего: 14600/69719)
✅ Успешно проиндексировано 100 документов
📤 Индексировано 100 тредов (всего: 14700/69719)
✅ Успешно проиндексировано 100 документов
📤 Индексировано 100 тредов (всего: 14800/69719)
✅ Успешно проиндексировано 100 документов
📤 Индексировано 100 тредов (всего: 14900/69719)
✅ Успешно проиндексировано 100 документов
📤 Индексировано 100 тредов (всего: 15000/69719)
✅ Успешно проиндексировано 100 документов
📤 Индексировано 100 тредов (всего: 15100/69719)
✅ Успешно проиндексировано 100 документов
📤 Индексировано 100 тредов (всего: 15200/69719)
✅ Успешно проиндексировано 100 документов
📤 Индексировано 100 тредов (всего: 15300/69719)
✅ Успешно проиндексировано 100 документов
📤 Индексировано 100 тредов (всего: 15400/69719)
✅ Успешно проиндексировано 100 документов
📤 Индексировано 100 тредов (всего: 15500/69719)
✅ Успешно проиндексировано 100 документов
📤 Индексировано 100 тредов (всего: 15600/69719)
✅ Успешно проиндексировано 100 документов
📤 Индексировано 100 тредов (всего: 15700/69719)
✅ Успешно проиндексировано 100 документов
📤 Индексировано 100 тредов (всего: 15800/69719)
✅ Успешно проиндексировано 100 документов
📤 Индексировано 100 тредов (всего: 15900/69719)
✅ Успешно проиндексировано 100 документов
📤 Индексировано 100 тредов (всего: 16000/69719)
✅ Успешно проиндексировано 100 документов
📤 Индексировано 100 тредов (всего: 16100/69719)
✅ Успешно проиндексировано 100 документов
📤 Индексировано 100 тредов (всего: 16200/69719)
✅ Успешно проиндексировано 100 документов
📤 Индексировано 100 тредов (всего: 16300/69719)
✅ Успешно проиндексировано 100 документов
📤 Индексировано 100 тредов (всего: 16400/69719)
✅ Успешно проиндексировано 100 документов
📤 Индексировано 100 тредов (всего: 16500/69719)
✅ Успешно проиндексировано 100 документов
📤 Индексировано 100 тредов (всего: 16600/69719)
✅ Успешно проиндексировано 100 документов
📤 Индексировано 100 тредов (всего: 16700/69719)
✅ Успешно проиндексировано 100 документов
📤 Индексировано 100 тредов (всего: 16800/69719)
✅ Успешно проиндексировано 100 документов
📤 Индексировано 100 тредов (всего: 16900/69719)
✅ Успешно проиндексировано 100 документов
📤 Индексировано 100 тредов (всего: 17000/69719)
✅ Успешно проиндексировано 100 документов
📤 Индексировано 100 тредов (всего: 17100/69719)
✅ Успешно проиндексировано 100 документов
📤 Индексировано 100 тредов (всего: 17200/69719)
✅ Успешно проиндексировано 100 документов
📤 Индексировано 100 тредов (всего: 17300/69719)
✅ Успешно проиндексировано 100 документов
📤 Индексировано 100 тредов (всего: 17400/69719)
✅ Успешно проиндексировано 100 документов
📤 Индексировано 100 тредов (всего: 17500/69719)
✅ Успешно проиндексировано 100 документов
📤 Индексировано 100 тредов (всего: 17600/69719)
✅ Успешно проиндексировано 100 документов
📤 Индексировано 100 тредов (всего: 17700/69719)
✅ Успешно проиндексировано 100 документов
📤 Индексировано 100 тредов (всего: 17800/69719)
✅ Успешно проиндексировано 100 документов
📤 Индексировано 100 тредов (всего: 17900/69719)
✅ Успешно проиндексировано 100 документов
📤 Индексировано 100 тредов (всего: 18000/69719)
✅ Успешно проиндексировано 100 документов
📤 Индексировано 100 тредов (всего: 18100/69719)
✅ Успешно проиндексировано 100 документов
📤 Индексировано 100 тредов (всего: 18200/69719)
✅ Успешно проиндексировано 100 документов
📤 Индексировано 100 тредов (всего: 18300/69719)
✅ Успешно проиндексировано 100 документов
📤 Индексировано 100 тредов (всего: 18400/69719)
✅ Успешно проиндексировано 100 документов
📤 Индексировано 100 тредов (всего: 18500/69719)
✅ Успешно проиндексировано 100 документов
📤 Индексировано 100 тредов (всего: 18600/69719)
✅ Успешно проиндексировано 100 документов
📤 Индексировано 100 тредов (всего: 18700/69719)
✅ Успешно проиндексировано 100 документов
📤 Индексировано 100 тредов (всего: 18800/69719)
✅ Успешно проиндексировано 100 документов
📤 Индексировано 100 тредов (всего: 18900/69719)
✅ Успешно проиндексировано 100 документов
📤 Индексировано 100 тредов (всего: 19000/69719)
✅ Успешно проиндексировано 100 документов
📤 Индексировано 100 тредов (всего: 19100/69719)
✅ Успешно проиндексировано 100 документов
📤 Индексировано 100 тредов (всего: 19200/69719)
✅ Успешно проиндексировано 100 документов
📤 Индексировано 100 тредов (всего: 19300/69719)
✅ Успешно проиндексировано 100 документов
📤 Индексировано 100 тредов (всего: 19400/69719)
✅ Успешно проиндексировано 100 документов
📤 Индексировано 100 тредов (всего: 19500/69719)
✅ Успешно проиндексировано 100 документов
📤 Индексировано 100 тредов (всего: 19600/69719)
✅ Успешно проиндексировано 100 документов
📤 Индексировано 100 тредов (всего: 19700/69719)
✅ Успешно проиндексировано 100 документов
📤 Индексировано 100 тредов (всего: 19800/69719)
✅ Успешно проиндексировано 100 документов
📤 Индексировано 100 тредов (всего: 19900/69719)
✅ Успешно проиндексировано 100 документов
📤 Индексировано 100 тредов (всего: 20000/69719)
✅ Успешно проиндексировано 100 документов
📤 Индексировано 100 тредов (всего: 20100/69719)
✅ Успешно проиндексировано 100 документов
📤 Индексировано 100 тредов (всего: 20200/69719)
✅ Успешно проиндексировано 100 документов
📤 Индексировано 100 тредов (всего: 20300/69719)
✅ Успешно проиндексировано 100 документов
📤 Индексировано 100 тредов (всего: 20400/69719)
✅ Успешно проиндексировано 100 документов
📤 Индексировано 100 тредов (всего: 20500/69719)
✅ Успешно проиндексировано 100 документов
📤 Индексировано 100 тредов (всего: 20600/69719)
✅ Успешно проиндексировано 100 документов
📤 Индексировано 100 тредов (всего: 20700/69719)
✅ Успешно проиндексировано 100 документов
📤 Индексировано 100 тредов (всего: 20800/69719)
✅ Успешно проиндексировано 100 документов
📤 Индексировано 100 тредов (всего: 20900/69719)
✅ Успешно проиндексировано 100 документов
📤 Индексировано 100 тредов (всего: 21000/69719)
✅ Успешно проиндексировано 100 документов
📤 Индексировано 100 тредов (всего: 21100/69719)
✅ Успешно проиндексировано 100 документов
📤 Индексировано 100 тредов (всего: 21200/69719)
✅ Успешно проиндексировано 100 документов
📤 Индексировано 100 тредов (всего: 21300/69719)
✅ Успешно проиндексировано 100 документов
📤 Индексировано 100 тредов (всего: 21400/69719)
✅ Успешно проиндексировано 100 документов
📤 Индексировано 100 тредов (всего: 21500/69719)
✅ Успешно проиндексировано 100 документов
📤 Индексировано 100 тредов (всего: 21600/69719)
✅ Успешно проиндексировано 100 документов
📤 Индексировано 100 тредов (всего: 21700/69719)
✅ Успешно проиндексировано 100 документов
📤 Индексировано 100 тредов (всего: 21800/69719)
✅ Успешно проиндексировано 100 документов
📤 Индексировано 100 тредов (всего: 21900/69719)
✅ Успешно проиндексировано 100 документов
📤 Индексировано 100 тредов (всего: 22000/69719)
✅ Успешно проиндексировано 100 документов
📤 Индексировано 100 тредов (всего: 22100/69719)
✅ Успешно проиндексировано 100 документов
📤 Индексировано 100 тредов (всего: 22200/69719)
✅ Успешно проиндексировано 100 документов
📤 Индексировано 100 тредов (всего: 22300/69719)
✅ Успешно проиндексировано 100 документов
📤 Индексировано 100 тредов (всего: 22400/69719)
✅ Успешно проиндексировано 100 документов
📤 Индексировано 100 тредов (всего: 22500/69719)
✅ Успешно проиндексировано 100 документов
📤 Индексировано 100 тредов (всего: 22600/69719)
✅ Успешно проиндексировано 100 документов
📤 Индексировано 100 тредов (всего: 22700/69719)
✅ Успешно проиндексировано 100 документов
📤 Индексировано 100 тредов (всего: 22800/69719)
✅ Успешно проиндексировано 100 документов
📤 Индексировано 100 тредов (всего: 22900/69719)
✅ Успешно проиндексировано 100 документов
📤 Индексировано 100 тредов (всего: 23000/69719)
✅ Успешно проиндексировано 100 документов
📤 Индексировано 100 тредов (всего: 23100/69719)
✅ Успешно проиндексировано 100 документов
📤 Индексировано 100 тредов (всего: 23200/69719)
✅ Успешно проиндексировано 100 документов
📤 Индексировано 100 тредов (всего: 23300/69719)
✅ Успешно проиндексировано 100 документов
📤 Индексировано 100 тредов (всего: 23400/69719)
✅ Успешно проиндексировано 100 документов
📤 Индексировано 100 тредов (всего: 23500/69719)
✅ Успешно проиндексировано 100 документов
📤 Индексировано 100 тредов (всего: 23600/69719)
✅ Успешно проиндексировано 100 документов
📤 Индексировано 100 тредов (всего: 23700/69719)
✅ Успешно проиндексировано 100 документов
📤 Индексировано 100 тредов (всего: 23800/69719)
✅ Успешно проиндексировано 100 документов
📤 Индексировано 100 тредов (всего: 23900/69719)
✅ Успешно проиндексировано 100 документов
📤 Индексировано 100 тредов (всего: 24000/69719)
✅ Успешно проиндексировано 100 документов
📤 Индексировано 100 тредов (всего: 24100/69719)
✅ Успешно проиндексировано 100 документов
📤 Индексировано 100 тредов (всего: 24200/69719)
✅ Успешно проиндексировано 100 документов
📤 Индексировано 100 тредов (всего: 24300/69719)
✅ Успешно проиндексировано 100 документов
📤 Индексировано 100 тредов (всего: 24400/69719)
✅ Успешно проиндексировано 100 документов
📤 Индексировано 100 тредов (всего: 24500/69719)
✅ Успешно проиндексировано 100 документов
📤 Индексировано 100 тредов (всего: 24600/69719)
✅ Успешно проиндексировано 100 документов
📤 Индексировано 100 тредов (всего: 24700/69719)
✅ Успешно проиндексировано 100 документов
📤 Индексировано 100 тредов (всего: 24800/69719)
✅ Успешно проиндексировано 100 документов
📤 Индексировано 100 тредов (всего: 24900/69719)
✅ Успешно проиндексировано 100 документов
📤 Индексировано 100 тредов (всего: 25000/69719)
✅ Успешно проиндексировано 100 документов
📤 Индексировано 100 тредов (всего: 25100/69719)
✅ Успешно проиндексировано 100 документов
📤 Индексировано 100 тредов (всего: 25200/69719)
✅ Успешно проиндексировано 100 документов
📤 Индексировано 100 тредов (всего: 25300/69719)
✅ Успешно проиндексировано 100 документов
📤 Индексировано 100 тредов (всего: 25400/69719)
✅ Успешно проиндексировано 100 документов
📤 Индексировано 100 тредов (всего: 25500/69719)
✅ Успешно проиндексировано 100 документов
📤 Индексировано 100 тредов (всего: 25600/69719)
✅ Успешно проиндексировано 100 документов
📤 Индексировано 100 тредов (всего: 25700/69719)
✅ Успешно проиндексировано 100 документов
📤 Индексировано 100 тредов (всего: 25800/69719)
✅ Успешно проиндексировано 100 документов
📤 Индексировано 100 тредов (всего: 25900/69719)
✅ Успешно проиндексировано 100 документов
📤 Индексировано 100 тредов (всего: 26000/69719)
✅ Успешно проиндексировано 100 документов
📤 Индексировано 100 тредов (всего: 26100/69719)
✅ Успешно проиндексировано 100 документов
📤 Индексировано 100 тредов (всего: 26200/69719)
✅ Успешно проиндексировано 100 документов
📤 Индексировано 100 тредов (всего: 26300/69719)
✅ Успешно проиндексировано 100 документов
📤 Индексировано 100 тредов (всего: 26400/69719)
✅ Успешно проиндексировано 100 документов
📤 Индексировано 100 тредов (всего: 26500/69719)
✅ Успешно проиндексировано 100 документов
📤 Индексировано 100 тредов (всего: 26600/69719)
✅ Успешно проиндексировано 100 документов
📤 Индексировано 100 тредов (всего: 26700/69719)
✅ Успешно проиндексировано 100 документов
📤 Индексировано 100 тредов (всего: 26800/69719)
✅ Успешно проиндексировано 100 документов
📤 Индексировано 100 тредов (всего: 26900/69719)
✅ Успешно проиндексировано 100 документов
📤 Индексировано 100 тредов (всего: 27000/69719)
✅ Успешно проиндексировано 100 документов
📤 Индексировано 100 тредов (всего: 27100/69719)
✅ Успешно проиндексировано 100 документов
📤 Индексировано 100 тредов (всего: 27200/69719)
✅ Успешно проиндексировано 100 документов
📤 Индексировано 100 тредов (всего: 27300/69719)
✅ Успешно проиндексировано 100 документов
📤 Индексировано 100 тредов (всего: 27400/69719)
✅ Успешно проиндексировано 100 документов
📤 Индексировано 100 тредов (всего: 27500/69719)
✅ Успешно проиндексировано 100 документов
📤 Индексировано 100 тредов (всего: 27600/69719)
✅ Успешно проиндексировано 100 документов
📤 Индексировано 100 тредов (всего: 27700/69719)
✅ Успешно проиндексировано 100 документов
📤 Индексировано 100 тредов (всего: 27800/69719)
✅ Успешно проиндексировано 100 документов
📤 Индексировано 100 тредов (всего: 27900/69719)
✅ Успешно проиндексировано 100 документов
📤 Индексировано 100 тредов (всего: 28000/69719)
✅ Успешно проиндексировано 100 документов
📤 Индексировано 100 тредов (всего: 28100/69719)
✅ Успешно проиндексировано 100 документов
📤 Индексировано 100 тредов (всего: 28200/69719)
✅ Успешно проиндексировано 100 документов
📤 Индексировано 100 тредов (всего: 28300/69719)
✅ Успешно проиндексировано 100 документов
📤 Индексировано 100 тредов (всего: 28400/69719)
✅ Успешно проиндексировано 100 документов
📤 Индексировано 100 тредов (всего: 28500/69719)
✅ Успешно проиндексировано 100 документов
📤 Индексировано 100 тредов (всего: 28600/69719)
✅ Успешно проиндексировано 100 документов
📤 Индексировано 100 тредов (всего: 28700/69719)
✅ Успешно проиндексировано 100 документов
📤 Индексировано 100 тредов (всего: 28800/69719)
✅ Успешно проиндексировано 100 документов
📤 Индексировано 100 тредов (всего: 28900/69719)
✅ Успешно проиндексировано 100 документов
📤 Индексировано 100 тредов (всего: 29000/69719)
✅ Успешно проиндексировано 100 документов
📤 Индексировано 100 тредов (всего: 29100/69719)
✅ Успешно проиндексировано 100 документов
📤 Индексировано 100 тредов (всего: 29200/69719)
✅ Успешно проиндексировано 100 документов
📤 Индексировано 100 тредов (всего: 29300/69719)
✅ Успешно проиндексировано 100 документов
📤 Индексировано 100 тредов (всего: 29400/69719)
✅ Успешно проиндексировано 100 документов
📤 Индексировано 100 тредов (всего: 29500/69719)
✅ Успешно проиндексировано 100 документов
📤 Индексировано 100 тредов (всего: 29600/69719)
✅ Успешно проиндексировано 100 документов
📤 Индексировано 100 тредов (всего: 29700/69719)
✅ Успешно проиндексировано 100 документов
📤 Индексировано 100 тредов (всего: 29800/69719)
✅ Успешно проиндексировано 100 документов
📤 Индексировано 100 тредов (всего: 29900/69719)
✅ Успешно проиндексировано 100 документов
📤 Индексировано 100 тредов (всего: 30000/69719)
✅ Успешно проиндексировано 100 документов
📤 Индексировано 100 тредов (всего: 30100/69719)
✅ Успешно проиндексировано 100 документов
📤 Индексировано 100 тредов (всего: 30200/69719)
✅ Успешно проиндексировано 100 документов
📤 Индексировано 100 тредов (всего: 30300/69719)
✅ Успешно проиндексировано 100 документов
📤 Индексировано 100 тредов (всего: 30400/69719)
✅ Успешно проиндексировано 100 документов
📤 Индексировано 100 тредов (всего: 30500/69719)
✅ Успешно проиндексировано 100 документов
📤 Индексировано 100 тредов (всего: 30600/69719)
✅ Успешно проиндексировано 100 документов
📤 Индексировано 100 тредов (всего: 30700/69719)
✅ Успешно проиндексировано 100 документов
📤 Индексировано 100 тредов (всего: 30800/69719)
✅ Успешно проиндексировано 100 документов
📤 Индексировано 100 тредов (всего: 30900/69719)
✅ Успешно проиндексировано 100 документов
📤 Индексировано 100 тредов (всего: 31000/69719)
✅ Успешно проиндексировано 100 документов
📤 Индексировано 100 тредов (всего: 31100/69719)
✅ Успешно проиндексировано 100 документов
📤 Индексировано 100 тредов (всего: 31200/69719)
✅ Успешно проиндексировано 100 документов
📤 Индексировано 100 тредов (всего: 31300/69719)
✅ Успешно проиндексировано 100 документов
📤 Индексировано 100 тредов (всего: 31400/69719)
✅ Успешно проиндексировано 100 документов
📤 Индексировано 100 тредов (всего: 31500/69719)
✅ Успешно проиндексировано 100 документов
📤 Индексировано 100 тредов (всего: 31600/69719)
✅ Успешно проиндексировано 100 документов
📤 Индексировано 100 тредов (всего: 31700/69719)
✅ Успешно проиндексировано 100 документов
📤 Индексировано 100 тредов (всего: 31800/69719)
✅ Успешно проиндексировано 100 документов
📤 Индексировано 100 тредов (всего: 31900/69719)
✅ Успешно проиндексировано 100 документов
📤 Индексировано 100 тредов (всего: 32000/69719)
✅ Успешно проиндексировано 100 документов
📤 Индексировано 100 тредов (всего: 32100/69719)
✅ Успешно проиндексировано 100 документов
📤 Индексировано 100 тредов (всего: 32200/69719)
✅ Успешно проиндексировано 100 документов
📤 Индексировано 100 тредов (всего: 32300/69719)
✅ Успешно проиндексировано 100 документов
📤 Индексировано 100 тредов (всего: 32400/69719)
✅ Успешно проиндексировано 100 документов
📤 Индексировано 100 тредов (всего: 32500/69719)
✅ Успешно проиндексировано 100 документов
📤 Индексировано 100 тредов (всего: 32600/69719)
✅ Успешно проиндексировано 100 документов
📤 Индексировано 100 тредов (всего: 32700/69719)
✅ Успешно проиндексировано 100 документов
📤 Индексировано 100 тредов (всего: 32800/69719)
✅ Успешно проиндексировано 100 документов
📤 Индексировано 100 тредов (всего: 32900/69719)
✅ Успешно проиндексировано 100 документов
📤 Индексировано 100 тредов (всего: 33000/69719)
✅ Успешно проиндексировано 100 документов
📤 Индексировано 100 тредов (всего: 33100/69719)
✅ Успешно проиндексировано 100 документов
📤 Индексировано 100 тредов (всего: 33200/69719)
✅ Успешно проиндексировано 100 документов
📤 Индексировано 100 тредов (всего: 33300/69719)
✅ Успешно проиндексировано 100 документов
📤 Индексировано 100 тредов (всего: 33400/69719)
✅ Успешно проиндексировано 100 документов
📤 Индексировано 100 тредов (всего: 33500/69719)
✅ Успешно проиндексировано 100 документов
📤 Индексировано 100 тредов (всего: 33600/69719)
✅ Успешно проиндексировано 100 документов
📤 Индексировано 100 тредов (всего: 33700/69719)
✅ Успешно проиндексировано 100 документов
📤 Индексировано 100 тредов (всего: 33800/69719)
✅ Успешно проиндексировано 100 документов
📤 Индексировано 100 тредов (всего: 33900/69719)
✅ Успешно проиндексировано 100 документов
📤 Индексировано 100 тредов (всего: 34000/69719)
✅ Успешно проиндексировано 100 документов
📤 Индексировано 100 тредов (всего: 34100/69719)
✅ Успешно проиндексировано 100 документов
📤 Индексировано 100 тредов (всего: 34200/69719)
✅ Успешно проиндексировано 100 документов
📤 Индексировано 100 тредов (всего: 34300/69719)
✅ Успешно проиндексировано 100 документов
📤 Индексировано 100 тредов (всего: 34400/69719)
✅ Успешно проиндексировано 100 документов
📤 Индексировано 100 тредов (всего: 34500/69719)
✅ Успешно проиндексировано 100 документов
📤 Индексировано 100 тредов (всего: 34600/69719)
✅ Успешно проиндексировано 100 документов
📤 Индексировано 100 тредов (всего: 34700/69719)
✅ Успешно проиндексировано 100 документов
📤 Индексировано 100 тредов (всего: 34800/69719)
✅ Успешно проиндексировано 100 документов
📤 Индексировано 100 тредов (всего: 34900/69719)
✅ Успешно проиндексировано 100 документов
📤 Индексировано 100 тредов (всего: 35000/69719)
✅ Успешно проиндексировано 100 документов
📤 Индексировано 100 тредов (всего: 35100/69719)
✅ Успешно проиндексировано 100 документов
📤 Индексировано 100 тредов (всего: 35200/69719)
✅ Успешно проиндексировано 100 документов
📤 Индексировано 100 тредов (всего: 35300/69719)
✅ Успешно проиндексировано 100 документов
📤 Индексировано 100 тредов (всего: 35400/69719)
✅ Успешно проиндексировано 100 документов
📤 Индексировано 100 тредов (всего: 35500/69719)
✅ Успешно проиндексировано 100 документов
📤 Индексировано 100 тредов (всего: 35600/69719)
✅ Успешно проиндексировано 100 документов
📤 Индексировано 100 тредов (всего: 35700/69719)
✅ Успешно проиндексировано 100 документов
📤 Индексировано 100 тредов (всего: 35800/69719)
✅ Успешно проиндексировано 100 документов
📤 Индексировано 100 тредов (всего: 35900/69719)
✅ Успешно проиндексировано 100 документов
📤 Индексировано 100 тредов (всего: 36000/69719)
✅ Успешно проиндексировано 100 документов
📤 Индексировано 100 тредов (всего: 36100/69719)
✅ Успешно проиндексировано 100 документов
📤 Индексировано 100 тредов (всего: 36200/69719)
✅ Успешно проиндексировано 100 документов
📤 Индексировано 100 тредов (всего: 36300/69719)
✅ Успешно проиндексировано 100 документов
📤 Индексировано 100 тредов (всего: 36400/69719)
✅ Успешно проиндексировано 100 документов
📤 Индексировано 100 тредов (всего: 36500/69719)
✅ Успешно проиндексировано 100 документов
📤 Индексировано 100 тредов (всего: 36600/69719)
✅ Успешно проиндексировано 100 документов
📤 Индексировано 100 тредов (всего: 36700/69719)
✅ Успешно проиндексировано 100 документов
📤 Индексировано 100 тредов (всего: 36800/69719)
✅ Успешно проиндексировано 100 документов
📤 Индексировано 100 тредов (всего: 36900/69719)
✅ Успешно проиндексировано 100 документов
📤 Индексировано 100 тредов (всего: 37000/69719)
✅ Успешно проиндексировано 100 документов
📤 Индексировано 100 тредов (всего: 37100/69719)
✅ Успешно проиндексировано 100 документов
📤 Индексировано 100 тредов (всего: 37200/69719)
✅ Успешно проиндексировано 100 документов
📤 Индексировано 100 тредов (всего: 37300/69719)
✅ Успешно проиндексировано 100 документов
📤 Индексировано 100 тредов (всего: 37400/69719)
✅ Успешно проиндексировано 100 документов
📤 Индексировано 100 тредов (всего: 37500/69719)
✅ Успешно проиндексировано 100 документов
📤 Индексировано 100 тредов (всего: 37600/69719)
✅ Успешно проиндексировано 100 документов
📤 Индексировано 100 тредов (всего: 37700/69719)
✅ Успешно проиндексировано 100 документов
📤 Индексировано 100 тредов (всего: 37800/69719)
✅ Успешно проиндексировано 100 документов
📤 Индексировано 100 тредов (всего: 37900/69719)
✅ Успешно проиндексировано 100 документов
📤 Индексировано 100 тредов (всего: 38000/69719)
✅ Успешно проиндексировано 100 документов
📤 Индексировано 100 тредов (всего: 38100/69719)
✅ Успешно проиндексировано 100 документов
📤 Индексировано 100 тредов (всего: 38200/69719)
✅ Успешно проиндексировано 100 документов
📤 Индексировано 100 тредов (всего: 38300/69719)
✅ Успешно проиндексировано 100 документов
📤 Индексировано 100 тредов (всего: 38400/69719)
✅ Успешно проиндексировано 100 документов
📤 Индексировано 100 тредов (всего: 38500/69719)
✅ Успешно проиндексировано 100 документов
📤 Индексировано 100 тредов (всего: 38600/69719)
✅ Успешно проиндексировано 100 документов
📤 Индексировано 100 тредов (всего: 38700/69719)
✅ Успешно проиндексировано 100 документов
📤 Индексировано 100 тредов (всего: 38800/69719)
✅ Успешно проиндексировано 100 документов
📤 Индексировано 100 тредов (всего: 38900/69719)
✅ Успешно проиндексировано 100 документов
📤 Индексировано 100 тредов (всего: 39000/69719)
✅ Успешно проиндексировано 100 документов
📤 Индексировано 100 тредов (всего: 39100/69719)
✅ Успешно проиндексировано 100 документов
📤 Индексировано 100 тредов (всего: 39200/69719)
✅ Успешно проиндексировано 100 документов
📤 Индексировано 100 тредов (всего: 39300/69719)
✅ Успешно проиндексировано 100 документов
📤 Индексировано 100 тредов (всего: 39400/69719)
✅ Успешно проиндексировано 100 документов
📤 Индексировано 100 тредов (всего: 39500/69719)
✅ Успешно проиндексировано 100 документов
📤 Индексировано 100 тредов (всего: 39600/69719)
✅ Успешно проиндексировано 100 документов
📤 Индексировано 100 тредов (всего: 39700/69719)
✅ Успешно проиндексировано 100 документов
📤 Индексировано 100 тредов (всего: 39800/69719)
✅ Успешно проиндексировано 100 документов
📤 Индексировано 100 тредов (всего: 39900/69719)
✅ Успешно проиндексировано 100 документов
📤 Индексировано 100 тредов (всего: 40000/69719)
✅ Успешно проиндексировано 100 документов
📤 Индексировано 100 тредов (всего: 40100/69719)
✅ Успешно проиндексировано 100 документов
📤 Индексировано 100 тредов (всего: 40200/69719)
✅ Успешно проиндексировано 100 документов
📤 Индексировано 100 тредов (всего: 40300/69719)
✅ Успешно проиндексировано 100 документов
📤 Индексировано 100 тредов (всего: 40400/69719)
✅ Успешно проиндексировано 100 документов
📤 Индексировано 100 тредов (всего: 40500/69719)
✅ Успешно проиндексировано 100 документов
📤 Индексировано 100 тредов (всего: 40600/69719)
✅ Успешно проиндексировано 100 документов
📤 Индексировано 100 тредов (всего: 40700/69719)
✅ Успешно проиндексировано 100 документов
📤 Индексировано 100 тредов (всего: 40800/69719)
✅ Успешно проиндексировано 100 документов
📤 Индексировано 100 тредов (всего: 40900/69719)
✅ Успешно проиндексировано 100 документов
📤 Индексировано 100 тредов (всего: 41000/69719)
✅ Успешно проиндексировано 100 документов
📤 Индексировано 100 тредов (всего: 41100/69719)
✅ Успешно проиндексировано 100 документов
📤 Индексировано 100 тредов (всего: 41200/69719)
✅ Успешно проиндексировано 100 документов
📤 Индексировано 100 тредов (всего: 41300/69719)
✅ Успешно проиндексировано 100 документов
📤 Индексировано 100 тредов (всего: 41400/69719)
✅ Успешно проиндексировано 100 документов
📤 Индексировано 100 тредов (всего: 41500/69719)
✅ Успешно проиндексировано 100 документов
📤 Индексировано 100 тредов (всего: 41600/69719)
✅ Успешно проиндексировано 100 документов
📤 Индексировано 100 тредов (всего: 41700/69719)
✅ Успешно проиндексировано 100 документов
📤 Индексировано 100 тредов (всего: 41800/69719)
✅ Успешно проиндексировано 100 документов
📤 Индексировано 100 тредов (всего: 41900/69719)
✅ Успешно проиндексировано 100 документов
📤 Индексировано 100 тредов (всего: 42000/69719)
✅ Успешно проиндексировано 100 документов
📤 Индексировано 100 тредов (всего: 42100/69719)
✅ Успешно проиндексировано 100 документов
📤 Индексировано 100 тредов (всего: 42200/69719)
✅ Успешно проиндексировано 100 документов
📤 Индексировано 100 тредов (всего: 42300/69719)
✅ Успешно проиндексировано 100 документов
📤 Индексировано 100 тредов (всего: 42400/69719)
✅ Успешно проиндексировано 100 документов
📤 Индексировано 100 тредов (всего: 42500/69719)
✅ Успешно проиндексировано 100 документов
📤 Индексировано 100 тредов (всего: 42600/69719)
✅ Успешно проиндексировано 100 документов
📤 Индексировано 100 тредов (всего: 42700/69719)
✅ Успешно проиндексировано 100 документов
📤 Индексировано 100 тредов (всего: 42800/69719)
✅ Успешно проиндексировано 100 документов
📤 Индексировано 100 тредов (всего: 42900/69719)
✅ Успешно проиндексировано 100 документов
📤 Индексировано 100 тредов (всего: 43000/69719)
✅ Успешно проиндексировано 100 документов
📤 Индексировано 100 тредов (всего: 43100/69719)
✅ Успешно проиндексировано 100 документов
📤 Индексировано 100 тредов (всего: 43200/69719)
✅ Успешно проиндексировано 100 документов
📤 Индексировано 100 тредов (всего: 43300/69719)
✅ Успешно проиндексировано 100 документов
📤 Индексировано 100 тредов (всего: 43400/69719)
✅ Успешно проиндексировано 100 документов
📤 Индексировано 100 тредов (всего: 43500/69719)
✅ Успешно проиндексировано 100 документов
📤 Индексировано 100 тредов (всего: 43600/69719)
✅ Успешно проиндексировано 100 документов
📤 Индексировано 100 тредов (всего: 43700/69719)
✅ Успешно проиндексировано 100 документов
📤 Индексировано 100 тредов (всего: 43800/69719)
✅ Успешно проиндексировано 100 документов
📤 Индексировано 100 тредов (всего: 43900/69719)
✅ Успешно проиндексировано 100 документов
📤 Индексировано 100 тредов (всего: 44000/69719)
✅ Успешно проиндексировано 100 документов
📤 Индексировано 100 тредов (всего: 44100/69719)
✅ Успешно проиндексировано 100 документов
📤 Индексировано 100 тредов (всего: 44200/69719)
✅ Успешно проиндексировано 100 документов
📤 Индексировано 100 тредов (всего: 44300/69719)
✅ Успешно проиндексировано 100 документов
📤 Индексировано 100 тредов (всего: 44400/69719)
✅ Успешно проиндексировано 100 документов
📤 Индексировано 100 тредов (всего: 44500/69719)
✅ Успешно проиндексировано 100 документов
📤 Индексировано 100 тредов (всего: 44600/69719)
✅ Успешно проиндексировано 100 документов
📤 Индексировано 100 тредов (всего: 44700/69719)
✅ Успешно проиндексировано 100 документов
📤 Индексировано 100 тредов (всего: 44800/69719)
✅ Успешно проиндексировано 100 документов
📤 Индексировано 100 тредов (всего: 44900/69719)
✅ Успешно проиндексировано 100 документов
📤 Индексировано 100 тредов (всего: 45000/69719)
✅ Успешно проиндексировано 100 документов
📤 Индексировано 100 тредов (всего: 45100/69719)
✅ Успешно проиндексировано 100 документов
📤 Индексировано 100 тредов (всего: 45200/69719)
✅ Успешно проиндексировано 100 документов
📤 Индексировано 100 тредов (всего: 45300/69719)
✅ Успешно проиндексировано 100 документов
📤 Индексировано 100 тредов (всего: 45400/69719)
✅ Успешно проиндексировано 100 документов
📤 Индексировано 100 тредов (всего: 45500/69719)
✅ Успешно проиндексировано 100 документов
📤 Индексировано 100 тредов (всего: 45600/69719)
✅ Успешно проиндексировано 100 документов
📤 Индексировано 100 тредов (всего: 45700/69719)
✅ Успешно проиндексировано 100 документов
📤 Индексировано 100 тредов (всего: 45800/69719)
✅ Успешно проиндексировано 100 документов
📤 Индексировано 100 тредов (всего: 45900/69719)
✅ Успешно проиндексировано 100 документов
📤 Индексировано 100 тредов (всего: 46000/69719)
✅ Успешно проиндексировано 100 документов
📤 Индексировано 100 тредов (всего: 46100/69719)
✅ Успешно проиндексировано 100 документов
📤 Индексировано 100 тредов (всего: 46200/69719)
✅ Успешно проиндексировано 100 документов
📤 Индексировано 100 тредов (всего: 46300/69719)
✅ Успешно проиндексировано 100 документов
📤 Индексировано 100 тредов (всего: 46400/69719)
✅ Успешно проиндексировано 100 документов
📤 Индексировано 100 тредов (всего: 46500/69719)
✅ Успешно проиндексировано 100 документов
📤 Индексировано 100 тредов (всего: 46600/69719)
✅ Успешно проиндексировано 100 документов
📤 Индексировано 100 тредов (всего: 46700/69719)
✅ Успешно проиндексировано 100 документов
📤 Индексировано 100 тредов (всего: 46800/69719)
✅ Успешно проиндексировано 100 документов
📤 Индексировано 100 тредов (всего: 46900/69719)
✅ Успешно проиндексировано 100 документов
📤 Индексировано 100 тредов (всего: 47000/69719)
✅ Успешно проиндексировано 100 документов
📤 Индексировано 100 тредов (всего: 47100/69719)
✅ Успешно проиндексировано 100 документов
📤 Индексировано 100 тредов (всего: 47200/69719)
✅ Успешно проиндексировано 100 документов
📤 Индексировано 100 тредов (всего: 47300/69719)
✅ Успешно проиндексировано 100 документов
📤 Индексировано 100 тредов (всего: 47400/69719)
✅ Успешно проиндексировано 100 документов
📤 Индексировано 100 тредов (всего: 47500/69719)
✅ Успешно проиндексировано 100 документов
📤 Индексировано 100 тредов (всего: 47600/69719)
✅ Успешно проиндексировано 100 документов
📤 Индексировано 100 тредов (всего: 47700/69719)
✅ Успешно проиндексировано 100 документов
📤 Индексировано 100 тредов (всего: 47800/69719)
✅ Успешно проиндексировано 100 документов
📤 Индексировано 100 тредов (всего: 47900/69719)
✅ Успешно проиндексировано 100 документов
📤 Индексировано 100 тредов (всего: 48000/69719)
✅ Успешно проиндексировано 100 документов
📤 Индексировано 100 тредов (всего: 48100/69719)
✅ Успешно проиндексировано 100 документов
📤 Индексировано 100 тредов (всего: 48200/69719)
✅ Успешно проиндексировано 100 документов
📤 Индексировано 100 тредов (всего: 48300/69719)
✅ Успешно проиндексировано 100 документов
📤 Индексировано 100 тредов (всего: 48400/69719)
✅ Успешно проиндексировано 100 документов
📤 Индексировано 100 тредов (всего: 48500/69719)
✅ Успешно проиндексировано 100 документов
📤 Индексировано 100 тредов (всего: 48600/69719)
✅ Успешно проиндексировано 100 документов
📤 Индексировано 100 тредов (всего: 48700/69719)
✅ Успешно проиндексировано 100 документов
📤 Индексировано 100 тредов (всего: 48800/69719)
✅ Успешно проиндексировано 100 документов
📤 Индексировано 100 тредов (всего: 48900/69719)
✅ Успешно проиндексировано 100 документов
📤 Индексировано 100 тредов (всего: 49000/69719)
✅ Успешно проиндексировано 100 документов
📤 Индексировано 100 тредов (всего: 49100/69719)
✅ Успешно проиндексировано 100 документов
📤 Индексировано 100 тредов (всего: 49200/69719)
✅ Успешно проиндексировано 100 документов
📤 Индексировано 100 тредов (всего: 49300/69719)
✅ Успешно проиндексировано 100 документов
📤 Индексировано 100 тредов (всего: 49400/69719)
✅ Успешно проиндексировано 100 документов
📤 Индексировано 100 тредов (всего: 49500/69719)
✅ Успешно проиндексировано 100 документов
📤 Индексировано 100 тредов (всего: 49600/69719)
✅ Успешно проиндексировано 100 документов
📤 Индексировано 100 тредов (всего: 49700/69719)
✅ Успешно проиндексировано 100 документов
📤 Индексировано 100 тредов (всего: 49800/69719)
✅ Успешно проиндексировано 100 документов
📤 Индексировано 100 тредов (всего: 49900/69719)
✅ Успешно проиндексировано 100 документов
📤 Индексировано 100 тредов (всего: 50000/69719)
✅ Успешно проиндексировано 100 документов
📤 Индексировано 100 тредов (всего: 50100/69719)
✅ Успешно проиндексировано 100 документов
📤 Индексировано 100 тредов (всего: 50200/69719)
✅ Успешно проиндексировано 100 документов
📤 Индексировано 100 тредов (всего: 50300/69719)
✅ Успешно проиндексировано 100 документов
📤 Индексировано 100 тредов (всего: 50400/69719)
✅ Успешно проиндексировано 100 документов
📤 Индексировано 100 тредов (всего: 50500/69719)
✅ Успешно проиндексировано 100 документов
📤 Индексировано 100 тредов (всего: 50600/69719)
✅ Успешно проиндексировано 100 документов
📤 Индексировано 100 тредов (всего: 50700/69719)
✅ Успешно проиндексировано 100 документов
📤 Индексировано 100 тредов (всего: 50800/69719)
✅ Успешно проиндексировано 100 документов
📤 Индексировано 100 тредов (всего: 50900/69719)
✅ Успешно проиндексировано 100 документов
📤 Индексировано 100 тредов (всего: 51000/69719)
✅ Успешно проиндексировано 100 документов
📤 Индексировано 100 тредов (всего: 51100/69719)
✅ Успешно проиндексировано 100 документов
📤 Индексировано 100 тредов (всего: 51200/69719)
✅ Успешно проиндексировано 100 документов
📤 Индексировано 100 тредов (всего: 51300/69719)
✅ Успешно проиндексировано 100 документов
📤 Индексировано 100 тредов (всего: 51400/69719)
✅ Успешно проиндексировано 100 документов
📤 Индексировано 100 тредов (всего: 51500/69719)
✅ Успешно проиндексировано 100 документов
📤 Индексировано 100 тредов (всего: 51600/69719)
✅ Успешно проиндексировано 100 документов
📤 Индексировано 100 тредов (всего: 51700/69719)
✅ Успешно проиндексировано 100 документов
📤 Индексировано 100 тредов (всего: 51800/69719)
✅ Успешно проиндексировано 100 документов
📤 Индексировано 100 тредов (всего: 51900/69719)
✅ Успешно проиндексировано 100 документов
📤 Индексировано 100 тредов (всего: 52000/69719)
✅ Успешно проиндексировано 100 документов
📤 Индексировано 100 тредов (всего: 52100/69719)
✅ Успешно проиндексировано 100 документов
📤 Индексировано 100 тредов (всего: 52200/69719)
✅ Успешно проиндексировано 100 документов
📤 Индексировано 100 тредов (всего: 52300/69719)
✅ Успешно проиндексировано 100 документов
📤 Индексировано 100 тредов (всего: 52400/69719)
✅ Успешно проиндексировано 100 документов
📤 Индексировано 100 тредов (всего: 52500/69719)
✅ Успешно проиндексировано 100 документов
📤 Индексировано 100 тредов (всего: 52600/69719)
✅ Успешно проиндексировано 100 документов
📤 Индексировано 100 тредов (всего: 52700/69719)
✅ Успешно проиндексировано 100 документов
📤 Индексировано 100 тредов (всего: 52800/69719)
✅ Успешно проиндексировано 100 документов
📤 Индексировано 100 тредов (всего: 52900/69719)
✅ Успешно проиндексировано 100 документов
📤 Индексировано 100 тредов (всего: 53000/69719)
✅ Успешно проиндексировано 100 документов
📤 Индексировано 100 тредов (всего: 53100/69719)
✅ Успешно проиндексировано 100 документов
📤 Индексировано 100 тредов (всего: 53200/69719)
✅ Успешно проиндексировано 100 документов
📤 Индексировано 100 тредов (всего: 53300/69719)
✅ Успешно проиндексировано 100 документов
📤 Индексировано 100 тредов (всего: 53400/69719)
✅ Успешно проиндексировано 100 документов
📤 Индексировано 100 тредов (всего: 53500/69719)
✅ Успешно проиндексировано 100 документов
📤 Индексировано 100 тредов (всего: 53600/69719)
✅ Успешно проиндексировано 100 документов
📤 Индексировано 100 тредов (всего: 53700/69719)
✅ Успешно проиндексировано 100 документов
📤 Индексировано 100 тредов (всего: 53800/69719)
✅ Успешно проиндексировано 100 документов
📤 Индексировано 100 тредов (всего: 53900/69719)
✅ Успешно проиндексировано 100 документов
📤 Индексировано 100 тредов (всего: 54000/69719)
✅ Успешно проиндексировано 100 документов
📤 Индексировано 100 тредов (всего: 54100/69719)
✅ Успешно проиндексировано 100 документов
📤 Индексировано 100 тредов (всего: 54200/69719)
✅ Успешно проиндексировано 100 документов
📤 Индексировано 100 тредов (всего: 54300/69719)
✅ Успешно проиндексировано 100 документов
📤 Индексировано 100 тредов (всего: 54400/69719)
✅ Успешно проиндексировано 100 документов
📤 Индексировано 100 тредов (всего: 54500/69719)
✅ Успешно проиндексировано 100 документов
📤 Индексировано 100 тредов (всего: 54600/69719)
✅ Успешно проиндексировано 100 документов
📤 Индексировано 100 тредов (всего: 54700/69719)
✅ Успешно проиндексировано 100 документов
📤 Индексировано 100 тредов (всего: 54800/69719)
✅ Успешно проиндексировано 100 документов
📤 Индексировано 100 тредов (всего: 54900/69719)
✅ Успешно проиндексировано 100 документов
📤 Индексировано 100 тредов (всего: 55000/69719)
✅ Успешно проиндексировано 100 документов
📤 Индексировано 100 тредов (всего: 55100/69719)
✅ Успешно проиндексировано 100 документов
📤 Индексировано 100 тредов (всего: 55200/69719)
✅ Успешно проиндексировано 100 документов
📤 Индексировано 100 тредов (всего: 55300/69719)
✅ Успешно проиндексировано 100 документов
📤 Индексировано 100 тредов (всего: 55400/69719)
✅ Успешно проиндексировано 100 документов
📤 Индексировано 100 тредов (всего: 55500/69719)
✅ Успешно проиндексировано 100 документов
📤 Индексировано 100 тредов (всего: 55600/69719)
✅ Успешно проиндексировано 100 документов
📤 Индексировано 100 тредов (всего: 55700/69719)
✅ Успешно проиндексировано 100 документов
📤 Индексировано 100 тредов (всего: 55800/69719)
✅ Успешно проиндексировано 100 документов
📤 Индексировано 100 тредов (всего: 55900/69719)
✅ Успешно проиндексировано 100 документов
📤 Индексировано 100 тредов (всего: 56000/69719)
✅ Успешно проиндексировано 100 документов
📤 Индексировано 100 тредов (всего: 56100/69719)
✅ Успешно проиндексировано 100 документов
📤 Индексировано 100 тредов (всего: 56200/69719)
✅ Успешно проиндексировано 100 документов
📤 Индексировано 100 тредов (всего: 56300/69719)
✅ Успешно проиндексировано 100 документов
📤 Индексировано 100 тредов (всего: 56400/69719)
✅ Успешно проиндексировано 100 документов
📤 Индексировано 100 тредов (всего: 56500/69719)
✅ Успешно проиндексировано 100 документов
📤 Индексировано 100 тредов (всего: 56600/69719)
✅ Успешно проиндексировано 100 документов
📤 Индексировано 100 тредов (всего: 56700/69719)
✅ Успешно проиндексировано 100 документов
📤 Индексировано 100 тредов (всего: 56800/69719)
✅ Успешно проиндексировано 100 документов
📤 Индексировано 100 тредов (всего: 56900/69719)
✅ Успешно проиндексировано 100 документов
📤 Индексировано 100 тредов (всего: 57000/69719)
✅ Успешно проиндексировано 100 документов
📤 Индексировано 100 тредов (всего: 57100/69719)
✅ Успешно проиндексировано 100 документов
📤 Индексировано 100 тредов (всего: 57200/69719)
✅ Успешно проиндексировано 100 документов
📤 Индексировано 100 тредов (всего: 57300/69719)
✅ Успешно проиндексировано 100 документов
📤 Индексировано 100 тредов (всего: 57400/69719)
✅ Успешно проиндексировано 100 документов
📤 Индексировано 100 тредов (всего: 57500/69719)
✅ Успешно проиндексировано 100 документов
📤 Индексировано 100 тредов (всего: 57600/69719)
✅ Успешно проиндексировано 100 документов
📤 Индексировано 100 тредов (всего: 57700/69719)
✅ Успешно проиндексировано 100 документов
📤 Индексировано 100 тредов (всего: 57800/69719)
✅ Успешно проиндексировано 100 документов
📤 Индексировано 100 тредов (всего: 57900/69719)
✅ Успешно проиндексировано 100 документов
📤 Индексировано 100 тредов (всего: 58000/69719)
✅ Успешно проиндексировано 100 документов
📤 Индексировано 100 тредов (всего: 58100/69719)
✅ Успешно проиндексировано 100 документов
📤 Индексировано 100 тредов (всего: 58200/69719)
✅ Успешно проиндексировано 100 документов
📤 Индексировано 100 тредов (всего: 58300/69719)
✅ Успешно проиндексировано 100 документов
📤 Индексировано 100 тредов (всего: 58400/69719)
✅ Успешно проиндексировано 100 документов
📤 Индексировано 100 тредов (всего: 58500/69719)
✅ Успешно проиндексировано 100 документов
📤 Индексировано 100 тредов (всего: 58600/69719)
✅ Успешно проиндексировано 100 документов
📤 Индексировано 100 тредов (всего: 58700/69719)
✅ Успешно проиндексировано 100 документов
📤 Индексировано 100 тредов (всего: 58800/69719)
✅ Успешно проиндексировано 100 документов
📤 Индексировано 100 тредов (всего: 58900/69719)
✅ Успешно проиндексировано 100 документов
📤 Индексировано 100 тредов (всего: 59000/69719)
✅ Успешно проиндексировано 100 документов
📤 Индексировано 100 тредов (всего: 59100/69719)
✅ Успешно проиндексировано 100 документов
📤 Индексировано 100 тредов (всего: 59200/69719)
✅ Успешно проиндексировано 100 документов
📤 Индексировано 100 тредов (всего: 59300/69719)
✅ Успешно проиндексировано 100 документов
📤 Индексировано 100 тредов (всего: 59400/69719)
✅ Успешно проиндексировано 100 документов
📤 Индексировано 100 тредов (всего: 59500/69719)
✅ Успешно проиндексировано 100 документов
📤 Индексировано 100 тредов (всего: 59600/69719)
✅ Успешно проиндексировано 100 документов
📤 Индексировано 100 тредов (всего: 59700/69719)
✅ Успешно проиндексировано 100 документов
📤 Индексировано 100 тредов (всего: 59800/69719)
✅ Успешно проиндексировано 100 документов
📤 Индексировано 100 тредов (всего: 59900/69719)
✅ Успешно проиндексировано 100 документов
📤 Индексировано 100 тредов (всего: 60000/69719)
✅ Успешно проиндексировано 100 документов
📤 Индексировано 100 тредов (всего: 60100/69719)
✅ Успешно проиндексировано 100 документов
📤 Индексировано 100 тредов (всего: 60200/69719)
✅ Успешно проиндексировано 100 документов
📤 Индексировано 100 тредов (всего: 60300/69719)
✅ Успешно проиндексировано 100 документов
📤 Индексировано 100 тредов (всего: 60400/69719)
✅ Успешно проиндексировано 100 документов
📤 Индексировано 100 тредов (всего: 60500/69719)
✅ Успешно проиндексировано 100 документов
📤 Индексировано 100 тредов (всего: 60600/69719)
✅ Успешно проиндексировано 100 документов
📤 Индексировано 100 тредов (всего: 60700/69719)
✅ Успешно проиндексировано 100 документов
📤 Индексировано 100 тредов (всего: 60800/69719)
✅ Успешно проиндексировано 100 документов
📤 Индексировано 100 тредов (всего: 60900/69719)
✅ Успешно проиндексировано 100 документов
📤 Индексировано 100 тредов (всего: 61000/69719)
✅ Успешно проиндексировано 100 документов
📤 Индексировано 100 тредов (всего: 61100/69719)
✅ Успешно проиндексировано 100 документов
📤 Индексировано 100 тредов (всего: 61200/69719)
✅ Успешно проиндексировано 100 документов
📤 Индексировано 100 тредов (всего: 61300/69719)
✅ Успешно проиндексировано 100 документов
📤 Индексировано 100 тредов (всего: 61400/69719)
✅ Успешно проиндексировано 100 документов
📤 Индексировано 100 тредов (всего: 61500/69719)
✅ Успешно проиндексировано 100 документов
📤 Индексировано 100 тредов (всего: 61600/69719)
✅ Успешно проиндексировано 100 документов
📤 Индексировано 100 тредов (всего: 61700/69719)
✅ Успешно проиндексировано 100 документов
📤 Индексировано 100 тредов (всего: 61800/69719)
✅ Успешно проиндексировано 100 документов
📤 Индексировано 100 тредов (всего: 61900/69719)
✅ Успешно проиндексировано 100 документов
📤 Индексировано 100 тредов (всего: 62000/69719)
❌ Ошибка bulk индексации: HTTPSConnectionPool(host='36d0e937f1fd4309a2cb624f5f11bed1.us-central1.gcp.cloud.es.io', port=443): Max retries exceeded with url: /_bulk (Caused by ConnectTimeoutError(<urllib3.connection.HTTPSConnection object at 0x109fc9590>, 'Connection to 36d0e937f1fd4309a2cb624f5f11bed1.us-central1.gcp.cloud.es.io timed out. (connect timeout=60)'))
📤 Индексировано 100 тредов (всего: 62100/69719)
✅ Успешно проиндексировано 100 документов
📤 Индексировано 100 тредов (всего: 62200/69719)
✅ Успешно проиндексировано 100 документов
📤 Индексировано 100 тредов (всего: 62300/69719)
✅ Успешно проиндексировано 100 документов
📤 Индексировано 100 тредов (всего: 62400/69719)
✅ Успешно проиндексировано 100 документов
📤 Индексировано 100 тредов (всего: 62500/69719)
✅ Успешно проиндексировано 100 документов
📤 Индексировано 100 тредов (всего: 62600/69719)
✅ Успешно проиндексировано 100 документов
📤 Индексировано 100 тредов (всего: 62700/69719)
✅ Успешно проиндексировано 100 документов
📤 Индексировано 100 тредов (всего: 62800/69719)
✅ Успешно проиндексировано 100 документов
📤 Индексировано 100 тредов (всего: 62900/69719)
✅ Успешно проиндексировано 100 документов
📤 Индексировано 100 тредов (всего: 63000/69719)
✅ Успешно проиндексировано 100 документов
📤 Индексировано 100 тредов (всего: 63100/69719)
✅ Успешно проиндексировано 100 документов
📤 Индексировано 100 тредов (всего: 63200/69719)
✅ Успешно проиндексировано 100 документов
📤 Индексировано 100 тредов (всего: 63300/69719)
✅ Успешно проиндексировано 100 документов
📤 Индексировано 100 тредов (всего: 63400/69719)
✅ Успешно проиндексировано 100 документов
📤 Индексировано 100 тредов (всего: 63500/69719)
✅ Успешно проиндексировано 100 документов
📤 Индексировано 100 тредов (всего: 63600/69719)
✅ Успешно проиндексировано 100 документов
📤 Индексировано 100 тредов (всего: 63700/69719)
✅ Успешно проиндексировано 100 документов
📤 Индексировано 100 тредов (всего: 63800/69719)
✅ Успешно проиндексировано 100 документов
📤 Индексировано 100 тредов (всего: 63900/69719)
✅ Успешно проиндексировано 100 документов
📤 Индексировано 100 тредов (всего: 64000/69719)
✅ Успешно проиндексировано 100 документов
📤 Индексировано 100 тредов (всего: 64100/69719)
✅ Успешно проиндексировано 100 документов
📤 Индексировано 100 тредов (всего: 64200/69719)
✅ Успешно проиндексировано 100 документов
📤 Индексировано 100 тредов (всего: 64300/69719)
✅ Успешно проиндексировано 100 документов
📤 Индексировано 100 тредов (всего: 64400/69719)
✅ Успешно проиндексировано 100 документов
📤 Индексировано 100 тредов (всего: 64500/69719)
✅ Успешно проиндексировано 100 документов
📤 Индексировано 100 тредов (всего: 64600/69719)
✅ Успешно проиндексировано 100 документов
📤 Индексировано 100 тредов (всего: 64700/69719)
✅ Успешно проиндексировано 100 документов
📤 Индексировано 100 тредов (всего: 64800/69719)
✅ Успешно проиндексировано 100 документов
📤 Индексировано 100 тредов (всего: 64900/69719)
✅ Успешно проиндексировано 100 документов
📤 Индексировано 100 тредов (всего: 65000/69719)
✅ Успешно проиндексировано 100 документов
📤 Индексировано 100 тредов (всего: 65100/69719)
✅ Успешно проиндексировано 100 документов
📤 Индексировано 100 тредов (всего: 65200/69719)
✅ Успешно проиндексировано 100 документов
📤 Индексировано 100 тредов (всего: 65300/69719)
✅ Успешно проиндексировано 100 документов
📤 Индексировано 100 тредов (всего: 65400/69719)
✅ Успешно проиндексировано 100 документов
📤 Индексировано 100 тредов (всего: 65500/69719)
✅ Успешно проиндексировано 100 документов
📤 Индексировано 100 тредов (всего: 65600/69719)
✅ Успешно проиндексировано 100 документов
📤 Индексировано 100 тредов (всего: 65700/69719)
✅ Успешно проиндексировано 100 документов
📤 Индексировано 100 тредов (всего: 65800/69719)
✅ Успешно проиндексировано 100 документов
📤 Индексировано 100 тредов (всего: 65900/69719)
✅ Успешно проиндексировано 100 документов
📤 Индексировано 100 тредов (всего: 66000/69719)
✅ Успешно проиндексировано 100 документов
📤 Индексировано 100 тредов (всего: 66100/69719)
✅ Успешно проиндексировано 100 документов
📤 Индексировано 100 тредов (всего: 66200/69719)
✅ Успешно проиндексировано 100 документов
📤 Индексировано 100 тредов (всего: 66300/69719)
✅ Успешно проиндексировано 100 документов
📤 Индексировано 100 тредов (всего: 66400/69719)
✅ Успешно проиндексировано 100 документов
📤 Индексировано 100 тредов (всего: 66500/69719)
✅ Успешно проиндексировано 100 документов
📤 Индексировано 100 тредов (всего: 66600/69719)
✅ Успешно проиндексировано 100 документов
📤 Индексировано 100 тредов (всего: 66700/69719)
✅ Успешно проиндексировано 100 документов
📤 Индексировано 100 тредов (всего: 66800/69719)
✅ Успешно проиндексировано 100 документов
📤 Индексировано 100 тредов (всего: 66900/69719)
✅ Успешно проиндексировано 100 документов
📤 Индексировано 100 тредов (всего: 67000/69719)
✅ Успешно проиндексировано 100 документов
📤 Индексировано 100 тредов (всего: 67100/69719)
✅ Успешно проиндексировано 100 документов
📤 Индексировано 100 тредов (всего: 67200/69719)
✅ Успешно проиндексировано 100 документов
📤 Индексировано 100 тредов (всего: 67300/69719)
✅ Успешно проиндексировано 100 документов
📤 Индексировано 100 тредов (всего: 67400/69719)
✅ Успешно проиндексировано 100 документов
📤 Индексировано 100 тредов (всего: 67500/69719)
✅ Успешно проиндексировано 100 документов
📤 Индексировано 100 тредов (всего: 67600/69719)
✅ Успешно проиндексировано 100 документов
📤 Индексировано 100 тредов (всего: 67700/69719)
✅ Успешно проиндексировано 100 документов
📤 Индексировано 100 тредов (всего: 67800/69719)
✅ Успешно проиндексировано 100 документов
📤 Индексировано 100 тредов (всего: 67900/69719)
✅ Успешно проиндексировано 100 документов
📤 Индексировано 100 тредов (всего: 68000/69719)
✅ Успешно проиндексировано 100 документов
📤 Индексировано 100 тредов (всего: 68100/69719)
✅ Успешно проиндексировано 100 документов
📤 Индексировано 100 тредов (всего: 68200/69719)
✅ Успешно проиндексировано 100 документов
📤 Индексировано 100 тредов (всего: 68300/69719)
✅ Успешно проиндексировано 100 документов
📤 Индексировано 100 тредов (всего: 68400/69719)
✅ Успешно проиндексировано 100 документов
📤 Индексировано 100 тредов (всего: 68500/69719)
✅ Успешно проиндексировано 100 документов
📤 Индексировано 100 тредов (всего: 68600/69719)
✅ Успешно проиндексировано 100 документов
📤 Индексировано 100 тредов (всего: 68700/69719)
✅ Успешно проиндексировано 100 документов
📤 Индексировано 100 тредов (всего: 68800/69719)
✅ Успешно проиндексировано 100 документов
📤 Индексировано 100 тредов (всего: 68900/69719)
✅ Успешно проиндексировано 100 документов
📤 Индексировано 100 тредов (всего: 69000/69719)
✅ Успешно проиндексировано 100 документов
📤 Индексировано 100 тредов (всего: 69100/69719)
✅ Успешно проиндексировано 100 документов
📤 Индексировано 100 тредов (всего: 69200/69719)
✅ Успешно проиндексировано 100 документов
📤 Индексировано 100 тредов (всего: 69300/69719)
✅ Успешно проиндексировано 100 документов
📤 Индексировано 100 тредов (всего: 69400/69719)
✅ Успешно проиндексировано 100 документов
📤 Индексировано 100 тредов (всего: 69500/69719)
✅ Успешно проиндексировано 100 документов
📤 Индексировано 100 тредов (всего: 69600/69719)
✅ Успешно проиндексировано 100 документов
📤 Индексировано 100 тредов (всего: 69700/69719)
✅ Успешно проиндексировано 19 документов
📤 Индексировано 19 тредов (всего: 69719/69719)
✅ Индексация завершена! Всего проиндексировано: 69719 тредов
